<?xml version="1.0" encoding="UTF-8"?>
<!-- Generated by org.testng.reporters.JUnitReportReporter -->
<testsuite hostname="DHAMU-VALLAVARAPU" failures="0" tests="1" name="testBase.TC001_AccountRegistrationPage" time="2.161" errors="0" timestamp="2024-12-03T12:24:50 IST" skipped="0">
  <testcase classname="testBase.TC001_AccountRegistrationPage" name="verifyAccountRegistration" time="2.161"/>
  <system-out/>
</testsuite> <!-- testBase.TC001_AccountRegistrationPage -->
